2023-03-10 14:24:06,787 [1] INFO  MaturaProject.MaturaProject - Detected Linux
2023-03-10 14:24:06,821 [1] INFO  MaturaProject.MaturaProject - Creating Linux CLI
2023-03-10 14:24:06,842 [1] INFO  MaturaProject.MaturaProject - Parsing the command-line arguments: encrypt --target test --drive 4BE7-5B2E
2023-03-10 14:24:06,940 [1] INFO  MaturaProject.MaturaProject - Drive was not found by search, waiting for new drive(s) to connect...
2023-03-10 14:24:06,941 [1] INFO  MaturaProject.MaturaProject - Writing to the standard output stream: ⚠ The drive has not been found on the device!  => Maybe it was not connected correctly!
2023-03-10 14:24:06,949 [1] INFO  MaturaProject.MaturaProject - Writing to the standard output stream: ℹPlease plug your drive into the device.  => If your drive is plugged in, please unplug the drive and plug it back into the device.
2023-03-10 14:24:06,950 [1] INFO  MaturaProject.MaturaProject - Writing to the standard output stream: ⚙ Searching for a drive...  => This could take a few seconds.
2023-03-10 14:24:11,568 [1] INFO  MaturaProject.MaturaProject - New drive(s) connected
2023-03-10 14:24:11,569 [1] INFO  MaturaProject.MaturaProject - Writing to the standard output stream: ✔ The following drive has been connected:   /run/media/martin/4BE7-5B2E
2023-03-10 14:24:11,569 [1] INFO  MaturaProject.MaturaProject - The drive '4BE7-5B2E' was specified (/run/media/martin/4BE7-5B2E)
2023-03-10 14:24:11,570 [1] INFO  MaturaProject.MaturaProject - Writing to the standard output stream: (-) The encryption option has been specified.
2023-03-10 14:24:11,570 [1] INFO  MaturaProject.MaturaProject - Writing to the standard output stream: (-) The following files/directories are affected: 
2023-03-10 14:24:11,570 [1] INFO  MaturaProject.MaturaProject - Writing to the standard output stream:  => test
2023-03-10 14:24:11,570 [1] INFO  MaturaProject.MaturaProject - Writing to the standard output stream: (-) The drive '4BE7-5B2E' was specified.
2023-03-10 14:24:11,571 [1] INFO  MaturaProject.MaturaProject - Writing to the standard output stream: Do you want to continue? [y/n] 
2023-03-10 14:24:11,571 [1] INFO  MaturaProject.MaturaProject - Waiting for the user's response...
2023-03-10 14:24:14,293 [1] INFO  MaturaProject.MaturaProject - Response: yes
2023-03-10 14:24:14,293 [1] INFO  MaturaProject.MaturaProject - Writing to the standard output stream: ⚙ Executing the specifications...
2023-03-10 14:25:40,510 [1] INFO  MaturaProject.MaturaProject - Detected Linux
2023-03-10 14:25:40,520 [1] INFO  MaturaProject.MaturaProject - Creating Linux CLI
2023-03-10 14:25:40,558 [1] INFO  MaturaProject.MaturaProject - Parsing the command-line arguments: encrypt --target test --drive 4BE7-5B2E
2023-03-10 14:25:40,704 [1] INFO  MaturaProject.MaturaProject - Drive was not found by search, waiting for new drive(s) to connect...
2023-03-10 14:25:40,705 [1] INFO  MaturaProject.MaturaProject - Writing to the standard output stream: ⚠ The drive has not been found on the device!  => Maybe it was not connected correctly!
2023-03-10 14:25:40,726 [1] INFO  MaturaProject.MaturaProject - Writing to the standard output stream: ℹPlease plug your drive into the device.  => If your drive is plugged in, please unplug the drive and plug it back into the device.
2023-03-10 14:25:40,727 [1] INFO  MaturaProject.MaturaProject - Writing to the standard output stream: ⚙ Searching for a drive...  => This could take a few seconds.
2023-03-10 14:25:45,946 [1] INFO  MaturaProject.MaturaProject - New drive(s) connected
2023-03-10 14:25:45,947 [1] INFO  MaturaProject.MaturaProject - Writing to the standard output stream: ✔ The following drive has been connected:   /run/media/martin/4BE7-5B2E
2023-03-10 14:25:45,947 [1] INFO  MaturaProject.MaturaProject - The drive '4BE7-5B2E' was specified (/run/media/martin/4BE7-5B2E)
2023-03-10 14:25:45,948 [1] INFO  MaturaProject.MaturaProject - Writing to the standard output stream: (-) The encryption option has been specified.
2023-03-10 14:25:45,948 [1] INFO  MaturaProject.MaturaProject - Writing to the standard output stream: (-) The following files/directories are affected: 
2023-03-10 14:25:45,948 [1] INFO  MaturaProject.MaturaProject - Writing to the standard output stream:  => test
2023-03-10 14:25:45,948 [1] INFO  MaturaProject.MaturaProject - Writing to the standard output stream: (-) The drive '4BE7-5B2E' was specified.
2023-03-10 14:25:45,949 [1] INFO  MaturaProject.MaturaProject - Writing to the standard output stream: Do you want to continue? [y/n] 
2023-03-10 14:25:45,949 [1] INFO  MaturaProject.MaturaProject - Waiting for the user's response...
2023-03-10 14:25:49,196 [1] INFO  MaturaProject.MaturaProject - Response: yes
2023-03-10 14:25:49,196 [1] INFO  MaturaProject.MaturaProject - Writing to the standard output stream: ⚙ Executing the specifications...
2023-03-10 14:26:05,570 [1] INFO  MaturaProject.MaturaProject - Detected Linux
2023-03-10 14:26:05,580 [1] INFO  MaturaProject.MaturaProject - Creating Linux CLI
2023-03-10 14:26:05,647 [1] INFO  MaturaProject.MaturaProject - Parsing the command-line arguments: encrypt --target --drive 4BE7-5B2E
2023-03-10 14:26:05,964 [1] FATAL MaturaProject.MaturaProject - The required commands/flags have not been specified or could not have been parsed correctly
2023-03-10 14:26:05,964 [1] INFO  MaturaProject.MaturaProject - Program exited normally
2023-05-08 17:47:23,628 [1] INFO  MaturaProject.MaturaProject - Detected Linux
2023-05-08 17:47:23,638 [1] INFO  MaturaProject.MaturaProject - Creating Linux CLI
2023-05-08 17:47:23,654 [1] INFO  MaturaProject.MaturaProject - Parsing the command-line arguments: encrypt --target test --drive 4BE7-5B2E
2023-05-08 17:47:24,030 [1] INFO  MaturaProject.MaturaProject - Drive was not found by search, waiting for new drive(s) to connect...
2023-05-08 17:47:24,033 [1] INFO  MaturaProject.MaturaProject - Writing to the standard output stream: ⚠ The drive has not been found on the device!  => Maybe it was not connected correctly!
2023-05-08 17:47:24,052 [1] INFO  MaturaProject.MaturaProject - Writing to the standard output stream: ℹ Please plug your drive into the device.  => If your drive is plugged in, please unplug the drive and plug it back into the device.
2023-05-08 17:47:24,053 [1] INFO  MaturaProject.MaturaProject - Writing to the standard output stream: ⚙ Searching for a drive...  => This could take a few seconds.
2023-05-08 17:47:31,481 [1] INFO  MaturaProject.MaturaProject - New drive(s) connected
2023-05-08 17:47:31,482 [1] INFO  MaturaProject.MaturaProject - Writing to the standard output stream: ✔ The following drive has been connected:   /run/media/martin/4BE7-5B2E
2023-05-08 17:47:31,483 [1] INFO  MaturaProject.MaturaProject - The drive '4BE7-5B2E' was specified (/run/media/martin/4BE7-5B2E)
2023-05-08 17:47:31,484 [1] INFO  MaturaProject.MaturaProject - Writing to the standard output stream: (-) The encryption option has been specified.
2023-05-08 17:47:31,485 [1] INFO  MaturaProject.MaturaProject - Writing to the standard output stream: (-) The following files/directories are affected: 
2023-05-08 17:47:31,485 [1] INFO  MaturaProject.MaturaProject - Writing to the standard output stream:  => test
2023-05-08 17:47:31,485 [1] INFO  MaturaProject.MaturaProject - Writing to the standard output stream: (-) The drive '4BE7-5B2E' was specified.
2023-05-08 17:47:31,487 [1] INFO  MaturaProject.MaturaProject - Writing to the standard output stream: Do you want to continue? [y/n] 
2023-05-08 17:47:31,487 [1] INFO  MaturaProject.MaturaProject - Waiting for the user's response...
2023-05-08 17:47:35,972 [1] INFO  MaturaProject.MaturaProject - Response: no
2023-05-08 17:47:35,973 [1] INFO  MaturaProject.MaturaProject - Writing to the standard output stream: ℹ Terminating the execution!
2023-05-08 17:47:36,242 [1] INFO  MaturaProject.MaturaProject - Drive was not found by search, waiting for new drive(s) to connect...
2023-05-08 17:47:36,242 [1] INFO  MaturaProject.MaturaProject - Writing to the standard output stream: ⚠ The drive has not been found on the device!  => Maybe it was not connected correctly!
2023-05-08 17:47:36,242 [1] INFO  MaturaProject.MaturaProject - Writing to the standard output stream: ℹ Please plug your drive into the device.  => If your drive is plugged in, please unplug the drive and plug it back into the device.
2023-05-08 17:47:36,243 [1] INFO  MaturaProject.MaturaProject - Writing to the standard output stream: ⚙ Searching for a drive...  => This could take a few seconds.
2023-05-08 17:47:41,862 [1] INFO  MaturaProject.MaturaProject - New drive(s) connected
2023-05-08 17:47:41,863 [1] INFO  MaturaProject.MaturaProject - Writing to the standard output stream: ✔ The following drive has been connected:   /run/media/martin/4BE7-5B2E
2023-05-08 17:47:41,863 [1] INFO  MaturaProject.MaturaProject - The drive '4BE7-5B2E' was specified (/run/media/martin/4BE7-5B2E)
2023-05-08 17:47:41,863 [1] INFO  MaturaProject.MaturaProject - Writing to the standard output stream: (-) The encryption option has been specified.
2023-05-08 17:47:41,863 [1] INFO  MaturaProject.MaturaProject - Writing to the standard output stream: (-) The following files/directories are affected: 
2023-05-08 17:47:41,863 [1] INFO  MaturaProject.MaturaProject - Writing to the standard output stream:  => test
2023-05-08 17:47:41,863 [1] INFO  MaturaProject.MaturaProject - Writing to the standard output stream: (-) The drive '4BE7-5B2E' was specified.
2023-05-08 17:47:41,864 [1] INFO  MaturaProject.MaturaProject - Writing to the standard output stream: Do you want to continue? [y/n] 
2023-05-08 17:47:41,864 [1] INFO  MaturaProject.MaturaProject - Waiting for the user's response...
2023-05-08 17:47:46,750 [1] INFO  MaturaProject.MaturaProject - Response: yes
2023-05-08 17:47:46,751 [1] INFO  MaturaProject.MaturaProject - Writing to the standard output stream: ⚙ Executing the specifications...
2023-05-08 17:47:46,756 [1] FATAL MaturaProject.MaturaProject - Program exited wih: Object reference not set to an instance of an object.
2023-05-08 17:48:00,977 [1] INFO  MaturaProject.MaturaProject - Detected Linux
2023-05-08 17:48:00,987 [1] INFO  MaturaProject.MaturaProject - Creating Linux CLI
2023-05-08 17:48:01,002 [1] INFO  MaturaProject.MaturaProject - Parsing the command-line arguments: encrypt --target test --drive 4BE7-5B2E
2023-05-08 17:48:01,362 [1] INFO  MaturaProject.MaturaProject - Drive was not found by search, waiting for new drive(s) to connect...
2023-05-08 17:48:01,365 [1] INFO  MaturaProject.MaturaProject - Writing to the standard output stream: ⚠ The drive has not been found on the device!  => Maybe it was not connected correctly!
2023-05-08 17:48:01,382 [1] INFO  MaturaProject.MaturaProject - Writing to the standard output stream: ℹ Please plug your drive into the device.  => If your drive is plugged in, please unplug the drive and plug it back into the device.
2023-05-08 17:48:01,382 [1] INFO  MaturaProject.MaturaProject - Writing to the standard output stream: ⚙ Searching for a drive...  => This could take a few seconds.
2023-05-08 17:48:10,021 [1] INFO  MaturaProject.MaturaProject - Detected Linux
2023-05-08 17:48:10,031 [1] INFO  MaturaProject.MaturaProject - Creating Linux CLI
2023-05-08 17:48:10,048 [1] INFO  MaturaProject.MaturaProject - Parsing the command-line arguments: encrypt --target test --drive 4BE7-5B2E
2023-05-08 17:48:10,125 [1] INFO  MaturaProject.MaturaProject - Drive was not found by search, waiting for new drive(s) to connect...
2023-05-08 17:48:10,126 [1] INFO  MaturaProject.MaturaProject - Writing to the standard output stream: ⚠ The drive has not been found on the device!  => Maybe it was not connected correctly!
2023-05-08 17:48:10,133 [1] INFO  MaturaProject.MaturaProject - Writing to the standard output stream: ℹ Please plug your drive into the device.  => If your drive is plugged in, please unplug the drive and plug it back into the device.
2023-05-08 17:48:10,134 [1] INFO  MaturaProject.MaturaProject - Writing to the standard output stream: ⚙ Searching for a drive...  => This could take a few seconds.
2023-05-08 17:48:13,345 [1] INFO  MaturaProject.MaturaProject - New drive(s) connected
2023-05-08 17:48:13,347 [1] INFO  MaturaProject.MaturaProject - Writing to the standard output stream: ✔ The following drive has been connected:   /run/media/martin/4BE7-5B2E
2023-05-08 17:48:13,347 [1] INFO  MaturaProject.MaturaProject - The drive '4BE7-5B2E' was specified (/run/media/martin/4BE7-5B2E)
2023-05-08 17:48:13,349 [1] INFO  MaturaProject.MaturaProject - Writing to the standard output stream: (-) The encryption option has been specified.
2023-05-08 17:48:13,350 [1] INFO  MaturaProject.MaturaProject - Writing to the standard output stream: (-) The following files/directories are affected: 
2023-05-08 17:48:13,350 [1] INFO  MaturaProject.MaturaProject - Writing to the standard output stream:  => test
2023-05-08 17:48:13,350 [1] INFO  MaturaProject.MaturaProject - Writing to the standard output stream: (-) The drive '4BE7-5B2E' was specified.
2023-05-08 17:48:13,352 [1] INFO  MaturaProject.MaturaProject - Writing to the standard output stream: Do you want to continue? [y/n] 
2023-05-08 17:48:13,352 [1] INFO  MaturaProject.MaturaProject - Waiting for the user's response...
2023-05-08 17:48:16,821 [1] INFO  MaturaProject.MaturaProject - Response: no
2023-05-08 17:48:16,821 [1] INFO  MaturaProject.MaturaProject - Writing to the standard output stream: ℹ Terminating the execution!
2023-05-08 17:48:17,104 [1] INFO  MaturaProject.MaturaProject - Drive was not found by search, waiting for new drive(s) to connect...
2023-05-08 17:48:17,104 [1] INFO  MaturaProject.MaturaProject - Writing to the standard output stream: ⚠ The drive has not been found on the device!  => Maybe it was not connected correctly!
2023-05-08 17:48:17,105 [1] INFO  MaturaProject.MaturaProject - Writing to the standard output stream: ℹ Please plug your drive into the device.  => If your drive is plugged in, please unplug the drive and plug it back into the device.
2023-05-08 17:48:17,105 [1] INFO  MaturaProject.MaturaProject - Writing to the standard output stream: ⚙ Searching for a drive...  => This could take a few seconds.
2023-05-08 17:48:30,960 [1] INFO  MaturaProject.MaturaProject - New drive(s) connected
2023-05-08 17:48:30,961 [1] INFO  MaturaProject.MaturaProject - Writing to the standard output stream: ✔ The following drive has been connected:   /run/media/martin/4BE7-5B2E
2023-05-08 17:48:30,961 [1] INFO  MaturaProject.MaturaProject - The drive '4BE7-5B2E' was specified (/run/media/martin/4BE7-5B2E)
2023-05-08 17:48:30,961 [1] INFO  MaturaProject.MaturaProject - Writing to the standard output stream: (-) The encryption option has been specified.
2023-05-08 17:48:30,961 [1] INFO  MaturaProject.MaturaProject - Writing to the standard output stream: (-) The following files/directories are affected: 
2023-05-08 17:48:30,961 [1] INFO  MaturaProject.MaturaProject - Writing to the standard output stream:  => test
2023-05-08 17:48:30,961 [1] INFO  MaturaProject.MaturaProject - Writing to the standard output stream: (-) The drive '4BE7-5B2E' was specified.
2023-05-08 17:48:30,961 [1] INFO  MaturaProject.MaturaProject - Writing to the standard output stream: Do you want to continue? [y/n] 
2023-05-08 17:48:30,961 [1] INFO  MaturaProject.MaturaProject - Waiting for the user's response...
2023-05-08 17:48:33,432 [1] INFO  MaturaProject.MaturaProject - Response: yes
2023-05-08 17:48:33,432 [1] INFO  MaturaProject.MaturaProject - Writing to the standard output stream: ⚙ Executing the specifications...
2023-05-08 17:48:33,438 [1] FATAL MaturaProject.MaturaProject - Program exited wih: Object reference not set to an instance of an object.
2023-05-08 17:57:26,127 [1] INFO  MaturaProject.MaturaProject - Detected Linux
2023-05-08 17:57:26,137 [1] INFO  MaturaProject.MaturaProject - Creating Linux CLI
2023-05-08 17:57:26,152 [1] INFO  MaturaProject.MaturaProject - Parsing the command-line arguments: encrypt --target test --drive 4BE7-5B2E
2023-05-08 17:57:26,504 [1] INFO  MaturaProject.MaturaProject - Drive was not found by search, waiting for new drive(s) to connect...
2023-05-08 17:57:26,507 [1] INFO  MaturaProject.MaturaProject - Writing to the standard output stream: ⚠ The drive has not been found on the device!  => Maybe it was not connected correctly!
2023-05-08 17:57:26,522 [1] INFO  MaturaProject.MaturaProject - Writing to the standard output stream: ℹ Please plug your drive into the device.  => If your drive is plugged in, please unplug the drive and plug it back into the device.
2023-05-08 17:57:26,522 [1] INFO  MaturaProject.MaturaProject - Writing to the standard output stream: ⚙ Searching for a drive...  => This could take a few seconds.
2023-05-08 17:57:32,546 [1] INFO  MaturaProject.MaturaProject - New drive(s) connected
2023-05-08 17:57:32,547 [1] INFO  MaturaProject.MaturaProject - Writing to the standard output stream: ✔ The following drive has been connected:   /run/media/martin/4BE7-5B2E
2023-05-08 17:57:32,548 [1] INFO  MaturaProject.MaturaProject - The drive '4BE7-5B2E' was specified (/run/media/martin/4BE7-5B2E)
2023-05-08 17:57:32,550 [1] INFO  MaturaProject.MaturaProject - Writing to the standard output stream: (-) The encryption option has been specified.
2023-05-08 17:57:32,550 [1] INFO  MaturaProject.MaturaProject - Writing to the standard output stream: (-) The following files/directories are affected: 
2023-05-08 17:57:32,550 [1] INFO  MaturaProject.MaturaProject - Writing to the standard output stream:  => test
2023-05-08 17:57:32,551 [1] INFO  MaturaProject.MaturaProject - Writing to the standard output stream: (-) The drive '4BE7-5B2E' was specified.
2023-05-08 17:57:32,552 [1] INFO  MaturaProject.MaturaProject - Writing to the standard output stream: Do you want to continue? [y/n] 
2023-05-08 17:57:32,552 [1] INFO  MaturaProject.MaturaProject - Waiting for the user's response...
2023-05-08 17:57:35,922 [1] INFO  MaturaProject.MaturaProject - Response: no
2023-05-08 17:57:35,922 [1] INFO  MaturaProject.MaturaProject - Writing to the standard output stream: ℹ Terminating the execution!
2023-05-08 17:57:36,195 [1] INFO  MaturaProject.MaturaProject - Drive was not found by search, waiting for new drive(s) to connect...
2023-05-08 17:57:36,195 [1] INFO  MaturaProject.MaturaProject - Writing to the standard output stream: ⚠ The drive has not been found on the device!  => Maybe it was not connected correctly!
2023-05-08 17:57:36,196 [1] INFO  MaturaProject.MaturaProject - Writing to the standard output stream: ℹ Please plug your drive into the device.  => If your drive is plugged in, please unplug the drive and plug it back into the device.
2023-05-08 17:57:36,196 [1] INFO  MaturaProject.MaturaProject - Writing to the standard output stream: ⚙ Searching for a drive...  => This could take a few seconds.
2023-05-08 18:05:51,291 [1] INFO  MaturaProject.MaturaProject - Detected Linux
2023-05-08 18:05:51,300 [1] INFO  MaturaProject.MaturaProject - Creating Linux CLI
2023-05-08 18:05:51,315 [1] INFO  MaturaProject.MaturaProject - Parsing the command-line arguments: encrypt --target test --drive 4BE7-5B2E
2023-05-08 18:05:51,392 [1] INFO  MaturaProject.MaturaProject - Drive was not found by search, waiting for new drive(s) to connect...
2023-05-08 18:05:51,393 [1] INFO  MaturaProject.MaturaProject - Writing to the standard output stream: ⚠ The drive has not been found on the device!  => Maybe it was not connected correctly!
2023-05-08 18:05:51,400 [1] INFO  MaturaProject.MaturaProject - Writing to the standard output stream: ℹ Please plug your drive into the device.  => If your drive is plugged in, please unplug the drive and plug it back into the device.
2023-05-08 18:05:51,400 [1] INFO  MaturaProject.MaturaProject - Writing to the standard output stream: ⚙ Searching for a drive...  => This could take a few seconds.
2023-05-08 18:06:01,237 [1] INFO  MaturaProject.MaturaProject - New drive(s) connected
2023-05-08 18:06:01,238 [1] INFO  MaturaProject.MaturaProject - Writing to the standard output stream: ✔ The following drive has been connected:   /run/media/martin/4BE7-5B2E
2023-05-08 18:06:01,238 [1] INFO  MaturaProject.MaturaProject - The drive '4BE7-5B2E' was specified (/run/media/martin/4BE7-5B2E)
2023-05-08 18:06:01,240 [1] INFO  MaturaProject.MaturaProject - Writing to the standard output stream: (-) The encryption option has been specified.
2023-05-08 18:06:01,240 [1] INFO  MaturaProject.MaturaProject - Writing to the standard output stream: (-) The following files/directories are affected: 
2023-05-08 18:06:01,241 [1] INFO  MaturaProject.MaturaProject - Writing to the standard output stream:  => test
2023-05-08 18:06:01,241 [1] INFO  MaturaProject.MaturaProject - Writing to the standard output stream: (-) The drive '4BE7-5B2E' was specified.
2023-05-08 18:06:01,243 [1] INFO  MaturaProject.MaturaProject - Writing to the standard output stream: Do you want to continue? [y/n] 
2023-05-08 18:06:01,243 [1] INFO  MaturaProject.MaturaProject - Waiting for the user's response...
2023-05-08 18:06:06,376 [1] INFO  MaturaProject.MaturaProject - Response: no
2023-05-08 18:06:06,376 [1] INFO  MaturaProject.MaturaProject - Writing to the standard output stream: ℹ Terminating the execution!
2023-05-08 18:06:06,652 [1] INFO  MaturaProject.MaturaProject - Drive was not found by search, waiting for new drive(s) to connect...
2023-05-08 18:06:06,652 [1] INFO  MaturaProject.MaturaProject - Writing to the standard output stream: ⚠ The drive has not been found on the device!  => Maybe it was not connected correctly!
2023-05-08 18:06:06,652 [1] INFO  MaturaProject.MaturaProject - Writing to the standard output stream: ℹ Please plug your drive into the device.  => If your drive is plugged in, please unplug the drive and plug it back into the device.
2023-05-08 18:06:06,653 [1] INFO  MaturaProject.MaturaProject - Writing to the standard output stream: ⚙ Searching for a drive...  => This could take a few seconds.
2023-05-08 18:06:52,668 [1] INFO  MaturaProject.MaturaProject - Detected Linux
2023-05-08 18:06:52,678 [1] INFO  MaturaProject.MaturaProject - Creating Linux CLI
2023-05-08 18:06:52,693 [1] INFO  MaturaProject.MaturaProject - Parsing the command-line arguments: encrypt --target test --drive 4BE7-5B2E
2023-05-08 18:06:52,770 [1] INFO  MaturaProject.MaturaProject - Drive was not found by search, waiting for new drive(s) to connect...
2023-05-08 18:06:52,771 [1] INFO  MaturaProject.MaturaProject - Writing to the standard output stream: ⚠ The drive has not been found on the device!  => Maybe it was not connected correctly!
2023-05-08 18:06:52,778 [1] INFO  MaturaProject.MaturaProject - Writing to the standard output stream: ℹ Please plug your drive into the device.  => If your drive is plugged in, please unplug the drive and plug it back into the device.
2023-05-08 18:06:52,778 [1] INFO  MaturaProject.MaturaProject - Writing to the standard output stream: ⚙ Searching for a drive...  => This could take a few seconds.
2023-05-08 18:06:56,793 [1] INFO  MaturaProject.MaturaProject - New drive(s) connected
2023-05-08 18:06:56,794 [1] INFO  MaturaProject.MaturaProject - Writing to the standard output stream: ✔ The following drive has been connected:   /run/media/martin/4BE7-5B2E
2023-05-08 18:06:56,794 [1] INFO  MaturaProject.MaturaProject - The drive '4BE7-5B2E' was specified (/run/media/martin/4BE7-5B2E)
2023-05-08 18:06:56,796 [1] INFO  MaturaProject.MaturaProject - Writing to the standard output stream: (-) The encryption option has been specified.
2023-05-08 18:06:56,796 [1] INFO  MaturaProject.MaturaProject - Writing to the standard output stream: (-) The following files/directories are affected: 
2023-05-08 18:06:56,797 [1] INFO  MaturaProject.MaturaProject - Writing to the standard output stream:  => test
2023-05-08 18:06:56,797 [1] INFO  MaturaProject.MaturaProject - Writing to the standard output stream: (-) The drive '4BE7-5B2E' was specified.
2023-05-08 18:06:56,799 [1] INFO  MaturaProject.MaturaProject - Writing to the standard output stream: Do you want to continue? [y/n] 
2023-05-08 18:06:56,799 [1] INFO  MaturaProject.MaturaProject - Waiting for the user's response...
2023-05-08 18:06:59,214 [1] INFO  MaturaProject.MaturaProject - Response: no
2023-05-08 18:06:59,214 [1] INFO  MaturaProject.MaturaProject - Writing to the standard output stream: ℹ Terminating the execution!
2023-05-08 18:06:59,486 [1] INFO  MaturaProject.MaturaProject - Drive was not found by search, waiting for new drive(s) to connect...
2023-05-08 18:06:59,486 [1] INFO  MaturaProject.MaturaProject - Writing to the standard output stream: ⚠ The drive has not been found on the device!  => Maybe it was not connected correctly!
2023-05-08 18:06:59,487 [1] INFO  MaturaProject.MaturaProject - Writing to the standard output stream: ℹ Please plug your drive into the device.  => If your drive is plugged in, please unplug the drive and plug it back into the device.
2023-05-08 18:06:59,487 [1] INFO  MaturaProject.MaturaProject - Writing to the standard output stream: ⚙ Searching for a drive...  => This could take a few seconds.
2023-05-08 18:09:01,042 [1] INFO  MaturaProject.MaturaProject - Detected Linux
2023-05-08 18:09:01,052 [1] INFO  MaturaProject.MaturaProject - Creating Linux CLI
2023-05-08 18:09:01,068 [1] INFO  MaturaProject.MaturaProject - Parsing the command-line arguments: encrypt --target test --drive 4BE7-5B2E
2023-05-08 18:09:01,143 [1] INFO  MaturaProject.MaturaProject - Drive was not found by search, waiting for new drive(s) to connect...
2023-05-08 18:09:01,144 [1] INFO  MaturaProject.MaturaProject - Writing to the standard output stream: ⚠ The drive has not been found on the device!  => Maybe it was not connected correctly!
2023-05-08 18:09:01,151 [1] INFO  MaturaProject.MaturaProject - Writing to the standard output stream: ℹ Please plug your drive into the device.  => If your drive is plugged in, please unplug the drive and plug it back into the device.
2023-05-08 18:09:01,152 [1] INFO  MaturaProject.MaturaProject - Writing to the standard output stream: ⚙ Searching for a drive...  => This could take a few seconds.
2023-05-08 18:09:06,770 [1] INFO  MaturaProject.MaturaProject - New drive(s) connected
2023-05-08 18:09:06,771 [1] INFO  MaturaProject.MaturaProject - Writing to the standard output stream: ✔ The following drive has been connected:   /run/media/martin/4BE7-5B2E
2023-05-08 18:09:06,771 [1] INFO  MaturaProject.MaturaProject - The drive '4BE7-5B2E' was specified (/run/media/martin/4BE7-5B2E)
2023-05-08 18:09:06,772 [1] INFO  MaturaProject.MaturaProject - Writing to the standard output stream: (-) The encryption option has been specified.
2023-05-08 18:09:06,773 [1] INFO  MaturaProject.MaturaProject - Writing to the standard output stream: (-) The following files/directories are affected: 
2023-05-08 18:09:06,773 [1] INFO  MaturaProject.MaturaProject - Writing to the standard output stream:  => test
2023-05-08 18:09:06,773 [1] INFO  MaturaProject.MaturaProject - Writing to the standard output stream: (-) The drive '4BE7-5B2E' was specified.
2023-05-08 18:09:06,774 [1] INFO  MaturaProject.MaturaProject - Writing to the standard output stream: Do you want to continue? [y/n] 
2023-05-08 18:09:06,774 [1] INFO  MaturaProject.MaturaProject - Waiting for the user's response...
2023-05-08 18:09:08,278 [1] INFO  MaturaProject.MaturaProject - Response: no
2023-05-08 18:09:08,278 [1] INFO  MaturaProject.MaturaProject - Writing to the standard output stream: ℹ Terminating the execution!
2023-05-08 18:09:08,561 [1] INFO  MaturaProject.MaturaProject - Drive was not found by search, waiting for new drive(s) to connect...
2023-05-08 18:09:08,561 [1] INFO  MaturaProject.MaturaProject - Writing to the standard output stream: ⚠ The drive has not been found on the device!  => Maybe it was not connected correctly!
2023-05-08 18:09:08,561 [1] INFO  MaturaProject.MaturaProject - Writing to the standard output stream: ℹ Please plug your drive into the device.  => If your drive is plugged in, please unplug the drive and plug it back into the device.
2023-05-08 18:09:08,561 [1] INFO  MaturaProject.MaturaProject - Writing to the standard output stream: ⚙ Searching for a drive...  => This could take a few seconds.
2023-05-08 18:09:12,575 [1] INFO  MaturaProject.MaturaProject - New drive(s) connected
2023-05-08 18:09:12,575 [1] INFO  MaturaProject.MaturaProject - Writing to the standard output stream: ✔ The following drive has been connected:   /run/media/martin/4BE7-5B2E
2023-05-08 18:09:12,575 [1] INFO  MaturaProject.MaturaProject - The drive '4BE7-5B2E' was specified (/run/media/martin/4BE7-5B2E)
2023-05-08 18:09:12,576 [1] INFO  MaturaProject.MaturaProject - Writing to the standard output stream: (-) The encryption option has been specified.
2023-05-08 18:09:12,576 [1] INFO  MaturaProject.MaturaProject - Writing to the standard output stream: (-) The following files/directories are affected: 
2023-05-08 18:09:12,576 [1] INFO  MaturaProject.MaturaProject - Writing to the standard output stream:  => test
2023-05-08 18:09:12,576 [1] INFO  MaturaProject.MaturaProject - Writing to the standard output stream: (-) The drive '4BE7-5B2E' was specified.
2023-05-08 18:09:12,576 [1] INFO  MaturaProject.MaturaProject - Writing to the standard output stream: Do you want to continue? [y/n] 
2023-05-08 18:09:12,576 [1] INFO  MaturaProject.MaturaProject - Waiting for the user's response...
2023-05-08 18:09:13,448 [1] INFO  MaturaProject.MaturaProject - Response: no
2023-05-08 18:09:13,449 [1] INFO  MaturaProject.MaturaProject - Writing to the standard output stream: ℹ Terminating the execution!
2023-05-08 18:09:13,449 [1] INFO  MaturaProject.MaturaProject - Program exited normally
2023-05-08 18:10:47,137 [1] INFO  MaturaProject.MaturaProject - Detected Linux
2023-05-08 18:10:47,147 [1] INFO  MaturaProject.MaturaProject - Creating Linux CLI
2023-05-08 18:10:47,163 [1] INFO  MaturaProject.MaturaProject - Parsing the command-line arguments: encrypt --target test --drive 4BE7-5B2E
2023-05-08 18:10:47,239 [1] INFO  MaturaProject.MaturaProject - Drive was not found by search, waiting for new drive(s) to connect...
2023-05-08 18:10:47,240 [1] INFO  MaturaProject.MaturaProject - Writing to the standard output stream: ⚠ The drive has not been found on the device!  => Maybe it was not connected correctly!
2023-05-08 18:10:47,247 [1] INFO  MaturaProject.MaturaProject - Writing to the standard output stream: ℹ Please plug your drive into the device.  => If your drive is plugged in, please unplug the drive and plug it back into the device.
2023-05-08 18:10:47,247 [1] INFO  MaturaProject.MaturaProject - Writing to the standard output stream: ⚙ Searching for a drive...  => This could take a few seconds.
2023-05-08 18:10:50,057 [1] INFO  MaturaProject.MaturaProject - New drive(s) connected
2023-05-08 18:10:50,058 [1] INFO  MaturaProject.MaturaProject - Writing to the standard output stream: ✔ The following drive has been connected:   /run/media/martin/4BE7-5B2E
2023-05-08 18:10:50,058 [1] INFO  MaturaProject.MaturaProject - The drive '4BE7-5B2E' was specified (/run/media/martin/4BE7-5B2E)
2023-05-08 18:10:50,060 [1] INFO  MaturaProject.MaturaProject - Writing to the standard output stream: (-) The encryption option has been specified.
2023-05-08 18:10:50,060 [1] INFO  MaturaProject.MaturaProject - Writing to the standard output stream: (-) The following files/directories are affected: 
2023-05-08 18:10:50,061 [1] INFO  MaturaProject.MaturaProject - Writing to the standard output stream:  => test
2023-05-08 18:10:50,061 [1] INFO  MaturaProject.MaturaProject - Writing to the standard output stream: (-) The drive '4BE7-5B2E' was specified.
2023-05-08 18:10:50,063 [1] INFO  MaturaProject.MaturaProject - Writing to the standard output stream: Do you want to continue? [y/n] 
2023-05-08 18:10:50,063 [1] INFO  MaturaProject.MaturaProject - Waiting for the user's response...
2023-05-08 18:10:50,842 [1] INFO  MaturaProject.MaturaProject - Response: no
2023-05-08 18:10:50,842 [1] INFO  MaturaProject.MaturaProject - Writing to the standard output stream: ℹ Terminating the execution!
2023-05-08 18:10:50,842 [1] INFO  MaturaProject.MaturaProject - Program exited normally
2023-05-08 18:10:55,204 [1] INFO  MaturaProject.MaturaProject - Detected Linux
2023-05-08 18:10:55,214 [1] INFO  MaturaProject.MaturaProject - Creating Linux CLI
2023-05-08 18:10:55,229 [1] INFO  MaturaProject.MaturaProject - Parsing the command-line arguments: encrypt --target test --drive 4BE7-5B2E
2023-05-08 18:10:55,308 [1] INFO  MaturaProject.MaturaProject - Drive was not found by search, waiting for new drive(s) to connect...
2023-05-08 18:10:55,309 [1] INFO  MaturaProject.MaturaProject - Writing to the standard output stream: ⚠ The drive has not been found on the device!  => Maybe it was not connected correctly!
2023-05-08 18:10:55,316 [1] INFO  MaturaProject.MaturaProject - Writing to the standard output stream: ℹ Please plug your drive into the device.  => If your drive is plugged in, please unplug the drive and plug it back into the device.
2023-05-08 18:10:55,316 [1] INFO  MaturaProject.MaturaProject - Writing to the standard output stream: ⚙ Searching for a drive...  => This could take a few seconds.
2023-05-08 18:10:57,927 [1] INFO  MaturaProject.MaturaProject - New drive(s) connected
2023-05-08 18:10:57,928 [1] INFO  MaturaProject.MaturaProject - Writing to the standard output stream: ✔ The following drive has been connected:   /run/media/martin/4BE7-5B2E
2023-05-08 18:10:57,929 [1] INFO  MaturaProject.MaturaProject - The drive '4BE7-5B2E' was specified (/run/media/martin/4BE7-5B2E)
2023-05-08 18:10:57,931 [1] INFO  MaturaProject.MaturaProject - Writing to the standard output stream: (-) The encryption option has been specified.
2023-05-08 18:10:57,931 [1] INFO  MaturaProject.MaturaProject - Writing to the standard output stream: (-) The following files/directories are affected: 
2023-05-08 18:10:57,931 [1] INFO  MaturaProject.MaturaProject - Writing to the standard output stream:  => test
2023-05-08 18:10:57,932 [1] INFO  MaturaProject.MaturaProject - Writing to the standard output stream: (-) The drive '4BE7-5B2E' was specified.
2023-05-08 18:10:57,933 [1] INFO  MaturaProject.MaturaProject - Writing to the standard output stream: Do you want to continue? [y/n] 
2023-05-08 18:10:57,933 [1] INFO  MaturaProject.MaturaProject - Waiting for the user's response...
2023-05-08 18:10:59,440 [1] INFO  MaturaProject.MaturaProject - Response: yes
2023-05-08 18:10:59,440 [1] INFO  MaturaProject.MaturaProject - Writing to the standard output stream: ⚙ Executing the specifications...
2023-05-08 18:10:59,447 [1] FATAL MaturaProject.MaturaProject - Program exited wih: Object reference not set to an instance of an object.
